<?xml version="1.0" encoding="UTF-8"?>
<testng-results skipped="0" failed="0" ignored="0" total="2" passed="2">
  <reporter-output>
  </reporter-output>
  <suite name="Suite" duration-ms="16753" started-at="2019-01-26T12:59:42Z" finished-at="2019-01-26T12:59:58Z">
    <groups>
    </groups>
    <test name="Test" duration-ms="16753" started-at="2019-01-26T12:59:42Z" finished-at="2019-01-26T12:59:58Z">
      <class name="com.actitime.test.InvalidLogin">
        <test-method status="PASS" signature="preCondition()[pri:0, instance:com.actitime.test.InvalidLogin@27efef64]" name="preCondition" is-config="true" duration-ms="4596" started-at="2019-01-26T12:59:49Z" finished-at="2019-01-26T12:59:54Z">
          <reporter-output>
          </reporter-output>
        </test-method> <!-- preCondition -->
        <test-method status="PASS" signature="testInvalidLogin()[pri:2, instance:com.actitime.test.InvalidLogin@27efef64]" name="testInvalidLogin" duration-ms="3471" started-at="2019-01-26T12:59:54Z" finished-at="2019-01-26T12:59:58Z">
          <reporter-output>
          </reporter-output>
        </test-method> <!-- testInvalidLogin -->
        <test-method status="PASS" signature="postCondition()[pri:0, instance:com.actitime.test.InvalidLogin@27efef64]" name="postCondition" is-config="true" duration-ms="781" started-at="2019-01-26T12:59:58Z" finished-at="2019-01-26T12:59:58Z">
          <reporter-output>
          </reporter-output>
        </test-method> <!-- postCondition -->
      </class> <!-- com.actitime.test.InvalidLogin -->
      <class name="com.actitime.test.ValidLogin">
        <test-method status="PASS" signature="preCondition()[pri:0, instance:com.actitime.test.ValidLogin@59f99ea]" name="preCondition" is-config="true" duration-ms="5754" started-at="2019-01-26T12:59:42Z" finished-at="2019-01-26T12:59:47Z">
          <reporter-output>
          </reporter-output>
        </test-method> <!-- preCondition -->
        <test-method status="PASS" signature="testValidLogin()[pri:0, instance:com.actitime.test.ValidLogin@59f99ea]" name="testValidLogin" duration-ms="1445" started-at="2019-01-26T12:59:47Z" finished-at="2019-01-26T12:59:49Z">
          <reporter-output>
          </reporter-output>
        </test-method> <!-- testValidLogin -->
        <test-method status="PASS" signature="postCondition()[pri:0, instance:com.actitime.test.ValidLogin@59f99ea]" name="postCondition" is-config="true" duration-ms="669" started-at="2019-01-26T12:59:49Z" finished-at="2019-01-26T12:59:49Z">
          <reporter-output>
          </reporter-output>
        </test-method> <!-- postCondition -->
      </class> <!-- com.actitime.test.ValidLogin -->
    </test> <!-- Test -->
  </suite> <!-- Suite -->
</testng-results>
